<?xml version="1.0" encoding="UTF-8" ?>
<testsuite tests="7" failures="0" name="com.java.learning.junit_ecom.AppTest" time="0.054" errors="0" skipped="0">
  <properties>
[...]
</properties>
  <testcase classname="com.java.learning.junit_ecom.AppTest" name="com.java.learning.junit_ecom.AppTest.testIncorrectPromoCode" time="0.003"/>
  <testcase classname="com.java.learning.junit_ecom.AppTest" name="com.java.learning.junit_ecom.AppTest.testAmountAfterDiscount" time="0"/>
  <testcase classname="com.java.learning.junit_ecom.AppTest" name="com.java.learning.junit_ecom.AppTest.testAmountAfterDiscountWithIncorrectPromoCode" time="0"/>
  <testcase classname="com.java.learning.junit_ecom.AppTest" name="com.java.learning.junit_ecom.AppTest.testAmountAfterDiscountWithTaxes" time="0"/>
  <testcase classname="com.java.learning.junit_ecom.AppTest" name="com.java.learning.junit_ecom.AppTest.testBasic" time="0"/>
  <testcase classname="com.java.learning.junit_ecom.AppTest" name="com.java.learning.junit_ecom.AppTest.testGroup" time="0.051"/>
  <testcase classname="com.java.learning.junit_ecom.AppTest" name="com.java.learning.junit_ecom.AppTest.testPromoCode" time="0"/>
</testsuite>